Flow report for final_project
Mon Jan 03 22:38:32 2022
Quartus Prime Version 18.1.0 Build 625 09/12/2018 SJ Lite Edition


---------------------
; Table of Contents ;
---------------------
  1. Legal Notice
  2. Flow Summary
  3. Flow Settings
  4. Flow Non-Default Global Settings
  5. Flow Elapsed Time
  6. Flow OS Summary
  7. Flow Log
  8. Flow Messages
  9. Flow Suppressed Messages



----------------
; Legal Notice ;
----------------
Copyright (C) 2018  Intel Corporation. All rights reserved.
Your use of Intel Corporation's design tools, logic functions 
and other software and tools, and its AMPP partner logic 
functions, and any output files from any of the foregoing 
(including device programming or simulation files), and any 
associated documentation or information are expressly subject 
to the terms and conditions of the Intel Program License 
Subscription Agreement, the Intel Quartus Prime License Agreement,
the Intel FPGA IP License Agreement, or other applicable license
agreement, including, without limitation, that your use is for
the sole purpose of programming logic devices manufactured by
Intel and sold by Intel or its authorized distributors.  Please
refer to the applicable agreement for further details.



+----------------------------------------------------------------------------------+
; Flow Summary                                                                     ;
+------------------------------------+---------------------------------------------+
; Flow Status                        ; Successful - Mon Jan 03 22:38:27 2022       ;
; Quartus Prime Version              ; 18.1.0 Build 625 09/12/2018 SJ Lite Edition ;
; Revision Name                      ; final_project                               ;
; Top-level Entity Name              ; final_project                               ;
; Family                             ; Cyclone IV E                                ;
; Device                             ; EP4CE115F29C7                               ;
; Timing Models                      ; Final                                       ;
; Total logic elements               ; 5,580 / 114,480 ( 5 % )                     ;
;     Total combinational functions  ; 4,941 / 114,480 ( 4 % )                     ;
;     Dedicated logic registers      ; 2,460 / 114,480 ( 2 % )                     ;
; Total registers                    ; 2579                                        ;
; Total pins                         ; 136 / 529 ( 26 % )                          ;
; Total virtual pins                 ; 0                                           ;
; Total memory bits                  ; 1,002,688 / 3,981,312 ( 25 % )              ;
; Embedded Multiplier 9-bit elements ; 0 / 532 ( 0 % )                             ;
; Total PLLs                         ; 2 / 4 ( 50 % )                              ;
+------------------------------------+---------------------------------------------+


+-----------------------------------------+
; Flow Settings                           ;
+-------------------+---------------------+
; Option            ; Setting             ;
+-------------------+---------------------+
; Start date & time ; 01/03/2022 22:34:56 ;
; Main task         ; Compilation         ;
; Revision Name     ; final_project       ;
+-------------------+---------------------+


+-----------------------------------------------------------------------------------------------------------------------------------------------------------------+
; Flow Non-Default Global Settings                                                                                                                                ;
+--------------------------------------+---------------------------------------------------------------------+---------------+-------------------+----------------+
; Assignment Name                      ; Value                                                               ; Default Value ; Entity Name       ; Section Id     ;
+--------------------------------------+---------------------------------------------------------------------+---------------+-------------------+----------------+
; COMPILER_SIGNATURE_ID                ; 52934028890292.164122049619328                                      ; --            ; --                ; --             ;
; EDA_DESIGN_INSTANCE_NAME             ; NA                                                                  ; --            ; --                ; testbench      ;
; EDA_NATIVELINK_SIMULATION_TEST_BENCH ; testbench                                                           ; --            ; --                ; eda_simulation ;
; EDA_OUTPUT_DATA_FORMAT               ; None                                                                ; --            ; --                ; eda_simulation ;
; EDA_TEST_BENCH_ENABLE_STATUS         ; TEST_BENCH_MODE                                                     ; --            ; --                ; eda_simulation ;
; EDA_TEST_BENCH_FILE                  ; testbench.sv                                                        ; --            ; --                ; testbench      ;
; EDA_TEST_BENCH_MODULE_NAME           ; testbench                                                           ; --            ; --                ; testbench      ;
; EDA_TEST_BENCH_NAME                  ; testbench                                                           ; --            ; --                ; eda_simulation ;
; EDA_TEST_BENCH_RUN_SIM_FOR           ; 10000 ns                                                            ; --            ; --                ; testbench      ;
; ENABLE_SIGNALTAP                     ; On                                                                  ; --            ; --                ; --             ;
; FLOW_ENABLE_POWER_ANALYZER           ; On                                                                  ; Off           ; --                ; --             ;
; MAX_CORE_JUNCTION_TEMP               ; 85                                                                  ; --            ; --                ; --             ;
; MIN_CORE_JUNCTION_TEMP               ; 0                                                                   ; --            ; --                ; --             ;
; MISC_FILE                            ; vga_clk.ppf                                                         ; --            ; --                ; --             ;
; MISC_FILE                            ; final_project_soc/synthesis/../final_project_soc.cmp                ; --            ; --                ; --             ;
; MISC_FILE                            ; final_project_soc/synthesis/../../final_project_soc.qsys            ; --            ; --                ; --             ;
; PARTITION_COLOR                      ; -- (Not supported for targeted family)                              ; --            ; DE2_115_Default   ; Top            ;
; PARTITION_COLOR                      ; -- (Not supported for targeted family)                              ; --            ; --                ; Top            ;
; PARTITION_FITTER_PRESERVATION_LEVEL  ; -- (Not supported for targeted family)                              ; --            ; DE2_115_Default   ; Top            ;
; PARTITION_FITTER_PRESERVATION_LEVEL  ; -- (Not supported for targeted family)                              ; --            ; --                ; Top            ;
; PARTITION_NETLIST_TYPE               ; -- (Not supported for targeted family)                              ; --            ; DE2_115_Default   ; Top            ;
; PARTITION_NETLIST_TYPE               ; -- (Not supported for targeted family)                              ; --            ; --                ; Top            ;
; POWER_BOARD_THERMAL_MODEL            ; None (CONSERVATIVE)                                                 ; --            ; --                ; --             ;
; POWER_DEFAULT_INPUT_IO_TOGGLE_RATE   ; 12.5 %                                                              ; 12.5%         ; --                ; --             ;
; POWER_PRESET_COOLING_SOLUTION        ; 23 MM HEAT SINK WITH 200 LFPM AIRFLOW                               ; --            ; --                ; --             ;
; SLD_FILE                             ; final_project_soc/synthesis/final_project_soc.regmap                ; --            ; --                ; --             ;
; SLD_FILE                             ; final_project_soc/synthesis/final_project_soc.debuginfo             ; --            ; --                ; --             ;
; SLD_INFO                             ; QSYS_NAME final_project_soc HAS_SOPCINFO 1 GENERATION_ID 1641217071 ; --            ; final_project_soc ; --             ;
; SOPCINFO_FILE                        ; final_project_soc/synthesis/../../final_project_soc.sopcinfo        ; --            ; --                ; --             ;
; SYNTHESIS_ONLY_QIP                   ; On                                                                  ; --            ; --                ; --             ;
; USE_SIGNALTAP_FILE                   ; stp1.stp                                                            ; --            ; --                ; --             ;
+--------------------------------------+---------------------------------------------------------------------+---------------+-------------------+----------------+


+--------------------------------------------------------------------------------------------------------------------------+
; Flow Elapsed Time                                                                                                        ;
+----------------------+--------------+-------------------------+---------------------+------------------------------------+
; Module Name          ; Elapsed Time ; Average Processors Used ; Peak Virtual Memory ; Total CPU Time (on all processors) ;
+----------------------+--------------+-------------------------+---------------------+------------------------------------+
; Analysis & Synthesis ; 00:02:40     ; 1.0                     ; 5060 MB             ; 00:03:02                           ;
; Fitter               ; 00:00:26     ; 1.1                     ; 5784 MB             ; 00:00:41                           ;
; Assembler            ; 00:00:04     ; 1.0                     ; 4729 MB             ; 00:00:04                           ;
; Power Analyzer       ; 00:00:12     ; 1.0                     ; 4952 MB             ; 00:00:12                           ;
; Timing Analyzer      ; 00:00:04     ; 1.2                     ; 4926 MB             ; 00:00:04                           ;
; Total                ; 00:03:26     ; --                      ; --                  ; 00:04:03                           ;
+----------------------+--------------+-------------------------+---------------------+------------------------------------+


+------------------------------------------------------------------------------------+
; Flow OS Summary                                                                    ;
+----------------------+------------------+------------+------------+----------------+
; Module Name          ; Machine Hostname ; OS Name    ; OS Version ; Processor type ;
+----------------------+------------------+------------+------------+----------------+
; Analysis & Synthesis ; DESKTOP-GTB3P60  ; Windows 10 ; 10.0       ; x86_64         ;
; Fitter               ; DESKTOP-GTB3P60  ; Windows 10 ; 10.0       ; x86_64         ;
; Assembler            ; DESKTOP-GTB3P60  ; Windows 10 ; 10.0       ; x86_64         ;
; Power Analyzer       ; DESKTOP-GTB3P60  ; Windows 10 ; 10.0       ; x86_64         ;
; Timing Analyzer      ; DESKTOP-GTB3P60  ; Windows 10 ; 10.0       ; x86_64         ;
+----------------------+------------------+------------+------------+----------------+


------------
; Flow Log ;
------------
quartus_map --read_settings_files=on --write_settings_files=off final_project -c final_project
quartus_fit --read_settings_files=off --write_settings_files=off final_project -c final_project
quartus_asm --read_settings_files=off --write_settings_files=off final_project -c final_project
quartus_pow --read_settings_files=off --write_settings_files=off final_project -c final_project
quartus_sta final_project -c final_project



